TVCamera/build/outputs/mapping/release/seeds.txt
com.sony.dtv.tvcamera.BuildConfig
com.sony.dtv.tvcamera.BuildConfig: boolean DEBUG
com.sony.dtv.tvcamera.BuildConfig: java.lang.String APPLICATION_ID
com.sony.dtv.tvcamera.BuildConfig: java.lang.String BUILD_TYPE
com.sony.dtv.tvcamera.BuildConfig: java.lang.String FLAVOR
com.sony.dtv.tvcamera.BuildConfig: int VERSION_CODE
com.sony.dtv.tvcamera.BuildConfig: java.lang.String VERSION_NAME
com.sony.dtv.tvcamera.BuildConfig: BuildConfig()
com.sony.dtv.tvcamera.R
com.sony.dtv.tvcamera.R: R()
com.sony.dtv.tvcamera.R$anim
com.sony.dtv.tvcamera.R$anim: int fade_in
com.sony.dtv.tvcamera.R$anim: int fade_out
com.sony.dtv.tvcamera.R$anim: int fragment_slide_left_in
com.sony.dtv.tvcamera.R$anim: int fragment_slide_left_out
com.sony.dtv.tvcamera.R$anim: int fragment_slide_right_in
com.sony.dtv.tvcamera.R$anim: int fragment_slide_right_out
com.sony.dtv.tvcamera.R$anim: int hard_cut_in
com.sony.dtv.tvcamera.R$anim: int lb_dialog_fade_out
com.sony.dtv.tvcamera.R$anim: int pin_dialog_enter
com.sony.dtv.tvcamera.R$anim: int pin_dialog_exit
com.sony.dtv.tvcamera.R$anim: int settings_fragment_fade_in
com.sony.dtv.tvcamera.R$anim: int settings_fragment_fade_out
com.sony.dtv.tvcamera.R$anim: int setup_scroll_adapter
com.sony.dtv.tvcamera.R$anim: R$anim()
com.sony.dtv.tvcamera.R$array
com.sony.dtv.tvcamera.R$array: int picture_size_entries
com.sony.dtv.tvcamera.R$array: int picture_size_entryValues
com.sony.dtv.tvcamera.R$array: int smile_shutter_entries
com.sony.dtv.tvcamera.R$array: int smile_shutter_entryValues
com.sony.dtv.tvcamera.R$array: R$array()
com.sony.dtv.tvcamera.R$attr
com.sony.dtv.tvcamera.R$attr: int autoUnrefOnDetach
com.sony.dtv.tvcamera.R$attr: int defaultShadow
com.sony.dtv.tvcamera.R$attr: int drawableBottom
com.sony.dtv.tvcamera.R$attr: int emptyColor
com.sony.dtv.tvcamera.R$attr: int expandedItemInAnim
com.sony.dtv.tvcamera.R$attr: int expandedItemOutAnim
com.sony.dtv.tvcamera.R$attr: int gridSetting
com.sony.dtv.tvcamera.R$attr: int highItemTransform
com.sony.dtv.tvcamera.R$attr: int itemFocusable
com.sony.dtv.tvcamera.R$attr: int lerperDivisor
com.sony.dtv.tvcamera.R$attr: int lowItemTransform
com.sony.dtv.tvcamera.R$attr: int max
com.sony.dtv.tvcamera.R$attr: int minTickWidth
com.sony.dtv.tvcamera.R$attr: int navigateInAnimationAllowed
com.sony.dtv.tvcamera.R$attr: int navigateOutAllowed
com.sony.dtv.tvcamera.R$attr: int navigateOutOfOffAxisAllowed
com.sony.dtv.tvcamera.R$attr: int orientation
com.sony.dtv.tvcamera.R$attr: int preference
com.sony.dtv.tvcamera.R$attr: int roundProgressColor
com.sony.dtv.tvcamera.R$attr: int roundWidth
com.sony.dtv.tvcamera.R$attr: int scrollCenterOffset
com.sony.dtv.tvcamera.R$attr: int scrollCenterOffsetPercent
com.sony.dtv.tvcamera.R$attr: int scrollCenterStrategy
com.sony.dtv.tvcamera.R$attr: int scrollItemAlign
com.sony.dtv.tvcamera.R$attr: int selectedSize
com.sony.dtv.tvcamera.R$attr: int selectedTakesMoreSpace
com.sony.dtv.tvcamera.R$attr: int space
com.sony.dtv.tvcamera.R$attr: int state_encrypted
com.sony.dtv.tvcamera.R$attr: R$attr()
...
android.support.v4.widget.DrawerLayout$LayoutParams
android.support.v4.widget.DrawerLayout$LayoutParams: int gravity
android.support.v4.widget.DrawerLayout$LayoutParams: float onScreen
android.support.v4.widget.DrawerLayout$LayoutParams: boolean isPeeking
android.support.v4.widget.DrawerLayout$LayoutParams: boolean knownOpen
android.support.v4.widget.DrawerLayout$LayoutParams: DrawerLayout$LayoutParams(android.content.Context,android.util.AttributeSet)
android.support.v4.widget.DrawerLayout$LayoutParams: DrawerLayout$LayoutParams(int,int)
android.support.v4.widget.DrawerLayout$LayoutParams: DrawerLayout$LayoutParams(int,int,int)
android.support.v4.widget.DrawerLayout$LayoutParams: DrawerLayout$LayoutParams(android.support.v4.widget.DrawerLayout$LayoutParams)
android.support.v4.widget.DrawerLayout$LayoutParams: DrawerLayout$LayoutParams(android.view.ViewGroup$LayoutParams)
android.support.v4.widget.DrawerLayout$LayoutParams: DrawerLayout$LayoutParams(android.view.ViewGroup$MarginLayoutParams)
android.support.v4.widget.DrawerLayout$LockMode
android.support.v4.widget.DrawerLayout$SavedState
android.support.v4.widget.DrawerLayout$SavedState: int openDrawerGravity
android.support.v4.widget.DrawerLayout$SavedState: int lockModeLeft
android.support.v4.widget.DrawerLayout$SavedState: int lockModeRight
android.support.v4.widget.DrawerLayout$SavedState: android.os.Parcelable$Creator CREATOR
android.support.v4.widget.DrawerLayout$SavedState: DrawerLayout$SavedState(android.os.Parcel)
android.support.v4.widget.DrawerLayout$SavedState: DrawerLayout$SavedState(android.os.Parcelable)
android.support.v4.widget.DrawerLayout$SavedState: void writeToParcel(android.os.Parcel,int)
android.support.v4.widget.DrawerLayout$SavedState: void <clinit>()
android.support.v4.widget.DrawerLayout$SavedState$1
android.support.v4.widget.DrawerLayout$SavedState$1: DrawerLayout$SavedState$1()
android.support.v4.widget.DrawerLayout$SavedState$1: android.support.v4.widget.DrawerLayout$SavedState createFromParcel(android.os.Parcel)
android.support.v4.widget.DrawerLayout$SavedState$1: android.support.v4.widget.DrawerLayout$SavedState[] newArray(int)
android.support.v4.widget.DrawerLayout$SavedState$1: java.lang.Object[] newArray(int)
android.support.v4.widget.DrawerLayout$SavedState$1: java.lang.Object createFromParcel(android.os.Parcel)
android.support.v4.widget.DrawerLayout$SimpleDrawerListener
android.support.v4.widget.DrawerLayout$SimpleDrawerListener: DrawerLayout$SimpleDrawerListener()
android.support.v4.widget.DrawerLayout$SimpleDrawerListener: void onDrawerSlide(android.view.View,float)
android.support.v4.widget.DrawerLayout$SimpleDrawerListener: void onDrawerOpened(android.view.View)
android.support.v4.widget.DrawerLayout$SimpleDrawerListener: void onDrawerClosed(android.view.View)
android.support.v4.widget.DrawerLayout$SimpleDrawerListener: void onDrawerStateChanged(int)
android.support.v4.widget.DrawerLayout$State