TVCamera/build/outputs/mapping/release/mapping.txt
com.sony.dtv.tvcamera.BuildConfig -> com.sony.dtv.tvcamera.BuildConfig:
    boolean DEBUG -> DEBUG
    java.lang.String APPLICATION_ID -> APPLICATION_ID
    java.lang.String BUILD_TYPE -> BUILD_TYPE
    java.lang.String FLAVOR -> FLAVOR
    int VERSION_CODE -> VERSION_CODE
    java.lang.String VERSION_NAME -> VERSION_NAME
com.sony.dtv.tvcamera.R -> com.sony.dtv.tvcamera.R:
com.sony.dtv.tvcamera.R$anim -> com.sony.dtv.tvcamera.R$anim:
    int fade_in -> fade_in
    int fade_out -> fade_out
    int fragment_slide_left_in -> fragment_slide_left_in
    int fragment_slide_left_out -> fragment_slide_left_out
    int fragment_slide_right_in -> fragment_slide_right_in
    int fragment_slide_right_out -> fragment_slide_right_out
    int hard_cut_in -> hard_cut_in
    int lb_dialog_fade_out -> lb_dialog_fade_out
    int pin_dialog_enter -> pin_dialog_enter
    int pin_dialog_exit -> pin_dialog_exit
    int settings_fragment_fade_in -> settings_fragment_fade_in
    int settings_fragment_fade_out -> settings_fragment_fade_out
    int setup_scroll_adapter -> setup_scroll_adapter
com.sony.dtv.tvcamera.R$array -> com.sony.dtv.tvcamera.R$array:
    int picture_size_entries -> picture_size_entries
    int picture_size_entryValues -> picture_size_entryValues
    int smile_shutter_entries -> smile_shutter_entries
    int smile_shutter_entryValues -> smile_shutter_entryValues
com.sony.dtv.tvcamera.R$attr -> com.sony.dtv.tvcamera.R$attr:
    int autoUnrefOnDetach -> autoUnrefOnDetach
    int defaultShadow -> defaultShadow
    int drawableBottom -> drawableBottom
    int emptyColor -> emptyColor
    int expandedItemInAnim -> expandedItemInAnim
    int expandedItemOutAnim -> expandedItemOutAnim
    int gridSetting -> gridSetting
    int highItemTransform -> highItemTransform
    int itemFocusable -> itemFocusable
    int lerperDivisor -> lerperDivisor
    int lowItemTransform -> lowItemTransform
    int max -> max
    int minTickWidth -> minTickWidth
    int navigateInAnimationAllowed -> navigateInAnimationAllowed
    int navigateOutAllowed -> navigateOutAllowed
    int navigateOutOfOffAxisAllowed -> navigateOutOfOffAxisAllowed
    int orientation -> orientation
    int preference -> preference
    int roundProgressColor -> roundProgressColor
    int roundWidth -> roundWidth
    int scrollCenterOffset -> scrollCenterOffset
    int scrollCenterOffsetPercent -> scrollCenterOffsetPercent
    int scrollCenterStrategy -> scrollCenterStrategy
    int scrollItemAlign -> scrollItemAlign
    int selectedSize -> selectedSize
    int selectedTakesMoreSpace -> selectedTakesMoreSpace
    int space -> space
    int state_encrypted -> state_encrypted
...
android.support.v4.view.ViewConfigurationCompat -> android.support.v4.view.ViewConfigurationCompat:
    android.support.v4.view.ViewConfigurationCompat$ViewConfigurationVersionImpl IMPL -> IMPL
    int getScaledPagingTouchSlop(android.view.ViewConfiguration) -> getScaledPagingTouchSlop
    boolean hasPermanentMenuKey(android.view.ViewConfiguration) -> hasPermanentMenuKey
android.support.v4.view.ViewConfigurationCompat$BaseViewConfigurationVersionImpl -> android.support.v4.view.ViewConfigurationCompat$BaseViewConfigurationVersionImpl:
    int getScaledPagingTouchSlop(android.view.ViewConfiguration) -> getScaledPagingTouchSlop
    boolean hasPermanentMenuKey(android.view.ViewConfiguration) -> hasPermanentMenuKey
android.support.v4.view.ViewConfigurationCompat$FroyoViewConfigurationVersionImpl -> android.support.v4.view.ViewConfigurationCompat$FroyoViewConfigurationVersionImpl:
    int getScaledPagingTouchSlop(android.view.ViewConfiguration) -> getScaledPagingTouchSlop
android.support.v4.view.ViewConfigurationCompat$HoneycombViewConfigurationVersionImpl -> android.support.v4.view.ViewConfigurationCompat$HoneycombViewConfigurationVersionImpl:
    boolean hasPermanentMenuKey(android.view.ViewConfiguration) -> hasPermanentMenuKey
android.support.v4.view.ViewConfigurationCompat$IcsViewConfigurationVersionImpl -> android.support.v4.view.ViewConfigurationCompat$IcsViewConfigurationVersionImpl:
    boolean hasPermanentMenuKey(android.view.ViewConfiguration) -> hasPermanentMenuKey
android.support.v4.view.ViewConfigurationCompat$ViewConfigurationVersionImpl -> android.support.v4.view.ViewConfigurationCompat$ViewConfigurationVersionImpl:
    int getScaledPagingTouchSlop(android.view.ViewConfiguration) -> getScaledPagingTouchSlop
    boolean hasPermanentMenuKey(android.view.ViewConfiguration) -> hasPermanentMenuKey
android.support.v4.view.ViewConfigurationCompatFroyo -> android.support.v4.view.ViewConfigurationCompatFroyo:
    int getScaledPagingTouchSlop(android.view.ViewConfiguration) -> getScaledPagingTouchSlop
android.support.v4.view.ViewConfigurationCompatICS -> android.support.v4.view.ViewConfigurationCompatICS:
    boolean hasPermanentMenuKey(android.view.ViewConfiguration) -> hasPermanentMenuKey
android.support.v4.view.ViewGroupCompat -> android.support.v4.view.ViewGroupCompat:
    int LAYOUT_MODE_CLIP_BOUNDS -> LAYOUT_MODE_CLIP_BOUNDS
    int LAYOUT_MODE_OPTICAL_BOUNDS -> LAYOUT_MODE_OPTICAL_BOUNDS
    android.support.v4.view.ViewGroupCompat$ViewGroupCompatImpl IMPL -> IMPL
    boolean onRequestSendAccessibilityEvent(android.view.ViewGroup,android.view.View,android.view.accessibility.AccessibilityEvent) -> onRequestSendAccessibilityEvent
    void setMotionEventSplittingEnabled(android.view.ViewGroup,boolean) -> setMotionEventSplittingEnabled
    int getLayoutMode(android.view.ViewGroup) -> getLayoutMode
    void setLayoutMode(android.view.ViewGroup,int) -> setLayoutMode
    void setTransitionGroup(android.view.ViewGroup,boolean) -> setTransitionGroup
    boolean isTransitionGroup(android.view.ViewGroup) -> isTransitionGroup
    int getNestedScrollAxes(android.view.ViewGroup) -> getNestedScrollAxes
android.support.v4.view.ViewGroupCompat$ViewGroupCompatHCImpl -> android.support.v4.view.ViewGroupCompat$ViewGroupCompatHCImpl:
    void setMotionEventSplittingEnabled(android.view.ViewGroup,boolean) -> setMotionEventSplittingEnabled
android.support.v4.view.ViewGroupCompat$ViewGroupCompatIcsImpl -> android.support.v4.view.ViewGroupCompat$ViewGroupCompatIcsImpl:
    boolean onRequestSendAccessibilityEvent(android.view.ViewGroup,android.view.View,android.view.accessibility.AccessibilityEvent) -> onRequestSendAccessibilityEvent